6/24/2026 1:18:11 AM	This log contains information about the import schema operation into project 'Database1' on computer 'INLT4810' by user 'Lalithraj.G'.
6/24/2026 1:18:11 AM	Import of database schema has started.
6/24/2026 1:18:26 AM	Gathering database credentials
6/24/2026 1:18:26 AM	Gathering database options
6/24/2026 1:18:26 AM	Gathering users
6/24/2026 1:18:26 AM	Gathering roles
6/24/2026 1:18:26 AM	Gathering application roles
6/24/2026 1:18:26 AM	Gathering role memberships
6/24/2026 1:18:26 AM	Gathering filegroups
6/24/2026 1:18:26 AM	Gathering full-text catalogs
6/24/2026 1:18:26 AM	Gathering assemblies
6/24/2026 1:18:26 AM	Gathering certificates
6/24/2026 1:18:26 AM	Gathering asymmetric keys
6/24/2026 1:18:26 AM	Gathering symmetric keys
6/24/2026 1:18:26 AM	Gathering encrypted symmetric keys
6/24/2026 1:18:26 AM	Gathering schemas
6/24/2026 1:18:26 AM	Gathering XML schema collections
6/24/2026 1:18:26 AM	Gathering user-defined data types
6/24/2026 1:18:26 AM	Gathering user-defined types
6/24/2026 1:18:26 AM	Gathering table types
6/24/2026 1:18:26 AM	Gathering unique keys for table types
6/24/2026 1:18:26 AM	Gathering primary keys for table types
6/24/2026 1:18:26 AM	Gathering indexes for table types
6/24/2026 1:18:26 AM	Gathering check constraints for table types
6/24/2026 1:18:26 AM	Gathering default constraints for table types
6/24/2026 1:18:26 AM	Gathering partition functions
6/24/2026 1:18:26 AM	Gathering partition schemes
6/24/2026 1:18:26 AM	Gathering functions
6/24/2026 1:18:26 AM	Gathering encrypted functions
6/24/2026 1:18:26 AM	Gathering aggregates
6/24/2026 1:18:26 AM	Gathering procedures
6/24/2026 1:18:26 AM	Gathering encrypted procedures
6/24/2026 1:18:26 AM	Gathering tables
6/24/2026 1:18:26 AM	Gathering primary keys
6/24/2026 1:18:26 AM	Gathering unique constraints
6/24/2026 1:18:26 AM	Gathering foreign keys
6/24/2026 1:18:26 AM	Gathering default constraints
6/24/2026 1:18:26 AM	Gathering check constraints
6/24/2026 1:18:26 AM	Gathering views
6/24/2026 1:18:26 AM	Gathering encrypted views
6/24/2026 1:18:26 AM	Gathering indexes
6/24/2026 1:18:26 AM	Gathering statistics
6/24/2026 1:18:26 AM	Gathering full-text index stoplists
6/24/2026 1:18:26 AM	Gathering search property lists
6/24/2026 1:18:26 AM	Gathering search properties
6/24/2026 1:18:26 AM	Gathering full-text indexes
6/24/2026 1:18:26 AM	Gathering column store indexes
6/24/2026 1:18:26 AM	Gathering spatial indexes
6/24/2026 1:18:26 AM	Gathering XML indexes
6/24/2026 1:18:26 AM	Gathering Selective XML indexes
6/24/2026 1:18:26 AM	Gathering encrypted triggers
6/24/2026 1:18:27 AM	Gathering triggers
6/24/2026 1:18:27 AM	Gathering encrypted and clr ddl triggers
6/24/2026 1:18:27 AM	Gathering ddl triggers
6/24/2026 1:18:27 AM	Gathering synonyms
6/24/2026 1:18:27 AM	Gathering defaults
6/24/2026 1:18:27 AM	Gathering data constraint uddt bindings
6/24/2026 1:18:27 AM	Gathering rules
6/24/2026 1:18:27 AM	Gathering data constraint uddt bindings
6/24/2026 1:18:27 AM	Gathering message types
6/24/2026 1:18:27 AM	Gathering queues
6/24/2026 1:18:27 AM	Gathering contracts
6/24/2026 1:18:27 AM	Gathering services
6/24/2026 1:18:27 AM	Gathering event notifications
6/24/2026 1:18:27 AM	Gathering remote service bindings
6/24/2026 1:18:27 AM	Gathering broker priorities
6/24/2026 1:18:27 AM	Gathering signatures
6/24/2026 1:18:27 AM	Gathering data compression options
6/24/2026 1:18:27 AM	Gathering sequence types
6/24/2026 1:18:27 AM	Gathering security policies
6/24/2026 1:18:27 AM	Gather column encryption keys
6/24/2026 1:18:27 AM	Gathering column master keys
6/24/2026 1:18:27 AM	Gathering external data sources
6/24/2026 1:18:27 AM	Gathering external file formats
6/24/2026 1:18:27 AM	Gathering external tables
6/24/2026 1:18:27 AM	Gathering extended properties
6/24/2026 1:18:27 AM	Gathering credentials
6/24/2026 1:18:27 AM	Gathering logins
6/24/2026 1:18:27 AM	Gathering server audits
6/24/2026 1:18:28 AM	Scanning project for duplicate elements
6/24/2026 1:18:28 AM	Finished duplicate element processing
6/24/2026 1:18:29 AM	Finished importing database.
6/24/2026 1:18:29 AM	A summary of the import was saved to the following location: C:\SSIS\Database1\Database1\Import Schema Logs\Database1_20260623074811.log
6/24/2026 1:18:29 AM	Click Finish to continue...
